2023-01-29T22:30:53.060+0530 [INFO]  Terraform version: 1.3.7
2023-01-29T22:30:53.061+0530 [DEBUG] using github.com/hashicorp/go-tfe v1.9.0
2023-01-29T22:30:53.061+0530 [DEBUG] using github.com/hashicorp/hcl/v2 v2.15.0
2023-01-29T22:30:53.061+0530 [DEBUG] using github.com/hashicorp/terraform-config-inspect v0.0.0-20210209133302-4fd17a0faac2
2023-01-29T22:30:53.061+0530 [DEBUG] using github.com/hashicorp/terraform-svchost v0.0.0-20200729002733-f050f53b9734
2023-01-29T22:30:53.061+0530 [DEBUG] using github.com/zclconf/go-cty v1.12.1
2023-01-29T22:30:53.061+0530 [INFO]  Go runtime version: go1.19.4
2023-01-29T22:30:53.061+0530 [INFO]  CLI args: []string{"C:\\terraformbin\\terraform.exe", "init"}
2023-01-29T22:30:53.062+0530 [TRACE] Stdout is a terminal of width 151
2023-01-29T22:30:53.062+0530 [TRACE] Stderr is a terminal of width 151
2023-01-29T22:30:53.062+0530 [TRACE] Stdin is a terminal
2023-01-29T22:30:53.066+0530 [DEBUG] Attempting to open CLI config file: C:\Users\RISKHANN\AppData\Roaming\terraform.rc
2023-01-29T22:30:53.066+0530 [DEBUG] File doesn't exist, but doesn't need to. Ignoring.
2023-01-29T22:30:53.067+0530 [INFO]  Loading CLI configuration from C:\Users\RISKHANN\AppData\Roaming\terraform.d\credentials.tfrc.json
2023-01-29T22:30:53.067+0530 [DEBUG] ignoring non-existing provider search directory terraform.d/plugins
2023-01-29T22:30:53.067+0530 [DEBUG] ignoring non-existing provider search directory C:\Users\RISKHANN\AppData\Roaming\terraform.d\plugins
2023-01-29T22:30:53.068+0530 [DEBUG] ignoring non-existing provider search directory C:\Users\RISKHANN\AppData\Roaming\HashiCorp\Terraform\plugins
2023-01-29T22:30:53.068+0530 [INFO]  CLI command args: []string{"init"}
2023-01-29T22:30:53.074+0530 [TRACE] Meta.Backend: no config given or present on disk, so returning nil config
2023-01-29T22:30:53.074+0530 [TRACE] Meta.Backend: backend has not previously been initialized in this working directory
2023-01-29T22:30:53.074+0530 [DEBUG] New state was assigned lineage "9f9a21bb-3c5a-a678-8225-b268796169e1"
2023-01-29T22:30:53.074+0530 [TRACE] Meta.Backend: using default local state only (no backend configuration, and no existing initialized backend)
2023-01-29T22:30:53.074+0530 [TRACE] Meta.Backend: instantiated backend of type <nil>
2023-01-29T22:30:53.075+0530 [DEBUG] checking for provisioner in "."
2023-01-29T22:30:53.075+0530 [DEBUG] checking for provisioner in "C:\\terraformbin"
2023-01-29T22:30:53.075+0530 [TRACE] Meta.Backend: backend <nil> does not support operations, so wrapping it in a local backend
2023-01-29T22:30:53.075+0530 [TRACE] backend/local: state manager for workspace "default" will:
 - read initial snapshot from terraform.tfstate
 - write new snapshots to terraform.tfstate
 - create any backup at terraform.tfstate.backup
2023-01-29T22:30:53.075+0530 [TRACE] statemgr.Filesystem: reading initial snapshot from terraform.tfstate
2023-01-29T22:30:53.075+0530 [TRACE] statemgr.Filesystem: snapshot file has nil snapshot, but that's okay
2023-01-29T22:30:53.075+0530 [TRACE] statemgr.Filesystem: read nil snapshot
2023-01-29T22:30:53.076+0530 [DEBUG] Service discovery for registry.terraform.io at https://registry.terraform.io/.well-known/terraform.json
2023-01-29T22:30:53.076+0530 [TRACE] HTTP client GET request to https://registry.terraform.io/.well-known/terraform.json
2023-01-29T22:30:53.458+0530 [DEBUG] GET https://registry.terraform.io/v1/providers/hashicorp/external/versions
2023-01-29T22:30:53.459+0530 [TRACE] HTTP client GET request to https://registry.terraform.io/v1/providers/hashicorp/external/versions
2023-01-29T22:30:53.843+0530 [DEBUG] GET https://registry.terraform.io/v1/providers/hashicorp/azurerm/versions
2023-01-29T22:30:53.843+0530 [TRACE] HTTP client GET request to https://registry.terraform.io/v1/providers/hashicorp/azurerm/versions
2023-01-29T22:30:54.237+0530 [DEBUG] GET https://registry.terraform.io/v1/providers/hashicorp/random/versions
2023-01-29T22:30:54.237+0530 [TRACE] HTTP client GET request to https://registry.terraform.io/v1/providers/hashicorp/random/versions
2023-01-29T22:30:54.608+0530 [TRACE] providercache.fillMetaCache: scanning directory .terraform\providers
2023-01-29T22:30:54.608+0530 [TRACE] getproviders.SearchLocalDirectory: failed to resolve symlinks for .terraform\providers: CreateFile .terraform: The system cannot find the file specified.
2023-01-29T22:30:54.608+0530 [TRACE] providercache.fillMetaCache: error while scanning directory .terraform\providers: cannot search .terraform\providers: CreateFile .terraform\providers: The system cannot find the path specified.
2023-01-29T22:30:54.608+0530 [DEBUG] GET https://registry.terraform.io/v1/providers/hashicorp/external/2.2.3/download/windows/amd64
2023-01-29T22:30:54.608+0530 [TRACE] HTTP client GET request to https://registry.terraform.io/v1/providers/hashicorp/external/2.2.3/download/windows/amd64
2023-01-29T22:30:54.865+0530 [DEBUG] GET https://releases.hashicorp.com/terraform-provider-external/2.2.3/terraform-provider-external_2.2.3_SHA256SUMS
2023-01-29T22:30:54.865+0530 [TRACE] HTTP client GET request to https://releases.hashicorp.com/terraform-provider-external/2.2.3/terraform-provider-external_2.2.3_SHA256SUMS
2023-01-29T22:30:55.082+0530 [DEBUG] GET https://releases.hashicorp.com/terraform-provider-external/2.2.3/terraform-provider-external_2.2.3_SHA256SUMS.72D7468F.sig
2023-01-29T22:30:55.082+0530 [TRACE] HTTP client GET request to https://releases.hashicorp.com/terraform-provider-external/2.2.3/terraform-provider-external_2.2.3_SHA256SUMS.72D7468F.sig
2023-01-29T22:30:55.136+0530 [TRACE] providercache.Dir.InstallPackage: installing registry.terraform.io/hashicorp/external v2.2.3 from https://releases.hashicorp.com/terraform-provider-external/2.2.3/terraform-provider-external_2.2.3_windows_amd64.zip
2023-01-29T22:30:55.136+0530 [TRACE] HTTP client GET request to https://releases.hashicorp.com/terraform-provider-external/2.2.3/terraform-provider-external_2.2.3_windows_amd64.zip
2023-01-29T22:30:56.082+0530 [DEBUG] Provider signed by 34365D9472D7468F HashiCorp Security (hashicorp.com/security) <security@hashicorp.com>
2023-01-29T22:30:56.306+0530 [TRACE] providercache.fillMetaCache: scanning directory .terraform\providers
2023-01-29T22:30:56.308+0530 [TRACE] getproviders.SearchLocalDirectory: found registry.terraform.io/hashicorp/external v2.2.3 for windows_amd64 at .terraform\providers\registry.terraform.io\hashicorp\external\2.2.3\windows_amd64
2023-01-29T22:30:56.308+0530 [TRACE] providercache.fillMetaCache: including .terraform\providers\registry.terraform.io\hashicorp\external\2.2.3\windows_amd64 as a candidate package for registry.terraform.io/hashicorp/external 2.2.3
2023-01-29T22:30:56.337+0530 [TRACE] providercache.fillMetaCache: using cached result from previous scan of .terraform\providers
2023-01-29T22:30:56.337+0530 [DEBUG] GET https://registry.terraform.io/v1/providers/hashicorp/azurerm/3.41.0/download/windows/amd64
2023-01-29T22:30:56.337+0530 [TRACE] HTTP client GET request to https://registry.terraform.io/v1/providers/hashicorp/azurerm/3.41.0/download/windows/amd64
2023-01-29T22:30:56.593+0530 [DEBUG] GET https://releases.hashicorp.com/terraform-provider-azurerm/3.41.0/terraform-provider-azurerm_3.41.0_SHA256SUMS
2023-01-29T22:30:56.593+0530 [TRACE] HTTP client GET request to https://releases.hashicorp.com/terraform-provider-azurerm/3.41.0/terraform-provider-azurerm_3.41.0_SHA256SUMS
2023-01-29T22:30:56.788+0530 [DEBUG] GET https://releases.hashicorp.com/terraform-provider-azurerm/3.41.0/terraform-provider-azurerm_3.41.0_SHA256SUMS.72D7468F.sig
2023-01-29T22:30:56.788+0530 [TRACE] HTTP client GET request to https://releases.hashicorp.com/terraform-provider-azurerm/3.41.0/terraform-provider-azurerm_3.41.0_SHA256SUMS.72D7468F.sig
2023-01-29T22:30:56.853+0530 [TRACE] providercache.Dir.InstallPackage: installing registry.terraform.io/hashicorp/azurerm v3.41.0 from https://releases.hashicorp.com/terraform-provider-azurerm/3.41.0/terraform-provider-azurerm_3.41.0_windows_amd64.zip
2023-01-29T22:30:56.853+0530 [TRACE] HTTP client GET request to https://releases.hashicorp.com/terraform-provider-azurerm/3.41.0/terraform-provider-azurerm_3.41.0_windows_amd64.zip
2023-01-29T22:31:01.366+0530 [DEBUG] Provider signed by 34365D9472D7468F HashiCorp Security (hashicorp.com/security) <security@hashicorp.com>
2023-01-29T22:31:02.114+0530 [TRACE] providercache.fillMetaCache: scanning directory .terraform\providers
2023-01-29T22:31:02.116+0530 [TRACE] getproviders.SearchLocalDirectory: found registry.terraform.io/hashicorp/azurerm v3.41.0 for windows_amd64 at .terraform\providers\registry.terraform.io\hashicorp\azurerm\3.41.0\windows_amd64
2023-01-29T22:31:02.116+0530 [TRACE] getproviders.SearchLocalDirectory: found registry.terraform.io/hashicorp/external v2.2.3 for windows_amd64 at .terraform\providers\registry.terraform.io\hashicorp\external\2.2.3\windows_amd64
2023-01-29T22:31:02.116+0530 [TRACE] providercache.fillMetaCache: including .terraform\providers\registry.terraform.io\hashicorp\azurerm\3.41.0\windows_amd64 as a candidate package for registry.terraform.io/hashicorp/azurerm 3.41.0
2023-01-29T22:31:02.116+0530 [TRACE] providercache.fillMetaCache: including .terraform\providers\registry.terraform.io\hashicorp\external\2.2.3\windows_amd64 as a candidate package for registry.terraform.io/hashicorp/external 2.2.3
2023-01-29T22:31:02.525+0530 [TRACE] providercache.fillMetaCache: using cached result from previous scan of .terraform\providers
2023-01-29T22:31:02.525+0530 [DEBUG] GET https://registry.terraform.io/v1/providers/hashicorp/random/3.4.3/download/windows/amd64
2023-01-29T22:31:02.525+0530 [TRACE] HTTP client GET request to https://registry.terraform.io/v1/providers/hashicorp/random/3.4.3/download/windows/amd64
2023-01-29T22:31:02.743+0530 [DEBUG] GET https://releases.hashicorp.com/terraform-provider-random/3.4.3/terraform-provider-random_3.4.3_SHA256SUMS
2023-01-29T22:31:02.743+0530 [TRACE] HTTP client GET request to https://releases.hashicorp.com/terraform-provider-random/3.4.3/terraform-provider-random_3.4.3_SHA256SUMS
2023-01-29T22:31:02.953+0530 [DEBUG] GET https://releases.hashicorp.com/terraform-provider-random/3.4.3/terraform-provider-random_3.4.3_SHA256SUMS.72D7468F.sig
2023-01-29T22:31:02.954+0530 [TRACE] HTTP client GET request to https://releases.hashicorp.com/terraform-provider-random/3.4.3/terraform-provider-random_3.4.3_SHA256SUMS.72D7468F.sig
2023-01-29T22:31:03.022+0530 [TRACE] providercache.Dir.InstallPackage: installing registry.terraform.io/hashicorp/random v3.4.3 from https://releases.hashicorp.com/terraform-provider-random/3.4.3/terraform-provider-random_3.4.3_windows_amd64.zip
2023-01-29T22:31:03.022+0530 [TRACE] HTTP client GET request to https://releases.hashicorp.com/terraform-provider-random/3.4.3/terraform-provider-random_3.4.3_windows_amd64.zip
2023-01-29T22:31:03.883+0530 [DEBUG] Provider signed by 34365D9472D7468F HashiCorp Security (hashicorp.com/security) <security@hashicorp.com>
2023-01-29T22:31:04.179+0530 [TRACE] providercache.fillMetaCache: scanning directory .terraform\providers
2023-01-29T22:31:04.180+0530 [TRACE] getproviders.SearchLocalDirectory: found registry.terraform.io/hashicorp/azurerm v3.41.0 for windows_amd64 at .terraform\providers\registry.terraform.io\hashicorp\azurerm\3.41.0\windows_amd64
2023-01-29T22:31:04.184+0530 [TRACE] getproviders.SearchLocalDirectory: found registry.terraform.io/hashicorp/external v2.2.3 for windows_amd64 at .terraform\providers\registry.terraform.io\hashicorp\external\2.2.3\windows_amd64
2023-01-29T22:31:04.186+0530 [TRACE] getproviders.SearchLocalDirectory: found registry.terraform.io/hashicorp/random v3.4.3 for windows_amd64 at .terraform\providers\registry.terraform.io\hashicorp\random\3.4.3\windows_amd64
2023-01-29T22:31:04.187+0530 [TRACE] providercache.fillMetaCache: including .terraform\providers\registry.terraform.io\hashicorp\azurerm\3.41.0\windows_amd64 as a candidate package for registry.terraform.io/hashicorp/azurerm 3.41.0
2023-01-29T22:31:04.187+0530 [TRACE] providercache.fillMetaCache: including .terraform\providers\registry.terraform.io\hashicorp\external\2.2.3\windows_amd64 as a candidate package for registry.terraform.io/hashicorp/external 2.2.3
2023-01-29T22:31:04.187+0530 [TRACE] providercache.fillMetaCache: including .terraform\providers\registry.terraform.io\hashicorp\random\3.4.3\windows_amd64 as a candidate package for registry.terraform.io/hashicorp/random 3.4.3
2023-01-29T22:37:27.724+0530 [INFO]  Terraform version: 1.3.7
2023-01-29T22:37:27.725+0530 [DEBUG] using github.com/hashicorp/go-tfe v1.9.0
2023-01-29T22:37:27.725+0530 [DEBUG] using github.com/hashicorp/hcl/v2 v2.15.0
2023-01-29T22:37:27.725+0530 [DEBUG] using github.com/hashicorp/terraform-config-inspect v0.0.0-20210209133302-4fd17a0faac2
2023-01-29T22:37:27.725+0530 [DEBUG] using github.com/hashicorp/terraform-svchost v0.0.0-20200729002733-f050f53b9734
2023-01-29T22:37:27.725+0530 [DEBUG] using github.com/zclconf/go-cty v1.12.1
2023-01-29T22:37:27.725+0530 [INFO]  Go runtime version: go1.19.4
2023-01-29T22:37:27.725+0530 [INFO]  CLI args: []string{"C:\\terraformbin\\terraform.exe", "init"}
2023-01-29T22:37:27.726+0530 [TRACE] Stdout is a terminal of width 151
2023-01-29T22:37:27.726+0530 [TRACE] Stderr is a terminal of width 151
2023-01-29T22:37:27.726+0530 [TRACE] Stdin is a terminal
2023-01-29T22:37:27.730+0530 [DEBUG] Attempting to open CLI config file: C:\Users\RISKHANN\AppData\Roaming\terraform.rc
2023-01-29T22:37:27.730+0530 [DEBUG] File doesn't exist, but doesn't need to. Ignoring.
2023-01-29T22:37:27.730+0530 [INFO]  Loading CLI configuration from C:\Users\RISKHANN\AppData\Roaming\terraform.d\credentials.tfrc.json
2023-01-29T22:37:27.731+0530 [DEBUG] ignoring non-existing provider search directory terraform.d/plugins
2023-01-29T22:37:27.731+0530 [DEBUG] ignoring non-existing provider search directory C:\Users\RISKHANN\AppData\Roaming\terraform.d\plugins
2023-01-29T22:37:27.732+0530 [DEBUG] ignoring non-existing provider search directory C:\Users\RISKHANN\AppData\Roaming\HashiCorp\Terraform\plugins
2023-01-29T22:37:27.732+0530 [INFO]  CLI command args: []string{"init"}
2023-01-29T22:37:27.737+0530 [TRACE] Meta.Backend: no config given or present on disk, so returning nil config
2023-01-29T22:37:27.737+0530 [TRACE] Meta.Backend: backend has not previously been initialized in this working directory
2023-01-29T22:37:27.737+0530 [DEBUG] New state was assigned lineage "1c62e226-2c6f-5f0c-fdfa-e6d07c6abe39"
2023-01-29T22:37:27.737+0530 [TRACE] Meta.Backend: using default local state only (no backend configuration, and no existing initialized backend)
2023-01-29T22:37:27.737+0530 [TRACE] Meta.Backend: instantiated backend of type <nil>
2023-01-29T22:37:27.737+0530 [DEBUG] checking for provisioner in "."
2023-01-29T22:37:27.737+0530 [DEBUG] checking for provisioner in "C:\\terraformbin"
2023-01-29T22:37:27.737+0530 [TRACE] Meta.Backend: backend <nil> does not support operations, so wrapping it in a local backend
2023-01-29T22:37:27.737+0530 [TRACE] backend/local: state manager for workspace "default" will:
 - read initial snapshot from terraform.tfstate
 - write new snapshots to terraform.tfstate
 - create any backup at terraform.tfstate.backup
2023-01-29T22:37:27.737+0530 [TRACE] statemgr.Filesystem: reading initial snapshot from terraform.tfstate
2023-01-29T22:37:27.737+0530 [TRACE] statemgr.Filesystem: snapshot file has nil snapshot, but that's okay
2023-01-29T22:37:27.737+0530 [TRACE] statemgr.Filesystem: read nil snapshot
2023-01-29T22:37:27.738+0530 [DEBUG] Service discovery for registry.terraform.io at https://registry.terraform.io/.well-known/terraform.json
2023-01-29T22:37:27.738+0530 [TRACE] HTTP client GET request to https://registry.terraform.io/.well-known/terraform.json
2023-01-29T22:37:28.047+0530 [DEBUG] GET https://registry.terraform.io/v1/providers/hashicorp/random/versions
2023-01-29T22:37:28.047+0530 [TRACE] HTTP client GET request to https://registry.terraform.io/v1/providers/hashicorp/random/versions
2023-01-29T22:37:28.407+0530 [DEBUG] GET https://registry.terraform.io/v1/providers/hashicorp/external/versions
2023-01-29T22:37:28.407+0530 [TRACE] HTTP client GET request to https://registry.terraform.io/v1/providers/hashicorp/external/versions
2023-01-29T22:37:28.781+0530 [DEBUG] GET https://registry.terraform.io/v1/providers/hashicorp/azurerm/versions
2023-01-29T22:37:28.782+0530 [TRACE] HTTP client GET request to https://registry.terraform.io/v1/providers/hashicorp/azurerm/versions
2023-01-29T22:37:29.191+0530 [TRACE] providercache.fillMetaCache: scanning directory .terraform\providers
2023-01-29T22:37:29.192+0530 [TRACE] getproviders.SearchLocalDirectory: failed to resolve symlinks for .terraform\providers: CreateFile .terraform: The system cannot find the file specified.
2023-01-29T22:37:29.192+0530 [TRACE] providercache.fillMetaCache: error while scanning directory .terraform\providers: cannot search .terraform\providers: CreateFile .terraform\providers: The system cannot find the path specified.
2023-01-29T22:37:29.193+0530 [DEBUG] GET https://registry.terraform.io/v1/providers/hashicorp/random/3.4.3/download/windows/amd64
2023-01-29T22:37:29.193+0530 [TRACE] HTTP client GET request to https://registry.terraform.io/v1/providers/hashicorp/random/3.4.3/download/windows/amd64
2023-01-29T22:37:29.364+0530 [DEBUG] GET https://releases.hashicorp.com/terraform-provider-random/3.4.3/terraform-provider-random_3.4.3_SHA256SUMS
2023-01-29T22:37:29.364+0530 [TRACE] HTTP client GET request to https://releases.hashicorp.com/terraform-provider-random/3.4.3/terraform-provider-random_3.4.3_SHA256SUMS
2023-01-29T22:37:29.581+0530 [DEBUG] GET https://releases.hashicorp.com/terraform-provider-random/3.4.3/terraform-provider-random_3.4.3_SHA256SUMS.72D7468F.sig
2023-01-29T22:37:29.581+0530 [TRACE] HTTP client GET request to https://releases.hashicorp.com/terraform-provider-random/3.4.3/terraform-provider-random_3.4.3_SHA256SUMS.72D7468F.sig
2023-01-29T22:37:29.635+0530 [TRACE] providercache.Dir.InstallPackage: installing registry.terraform.io/hashicorp/random v3.4.3 from https://releases.hashicorp.com/terraform-provider-random/3.4.3/terraform-provider-random_3.4.3_windows_amd64.zip
2023-01-29T22:37:29.635+0530 [TRACE] HTTP client GET request to https://releases.hashicorp.com/terraform-provider-random/3.4.3/terraform-provider-random_3.4.3_windows_amd64.zip
2023-01-29T22:37:30.369+0530 [DEBUG] Provider signed by 34365D9472D7468F HashiCorp Security (hashicorp.com/security) <security@hashicorp.com>
2023-01-29T22:37:30.574+0530 [TRACE] providercache.fillMetaCache: scanning directory .terraform\providers
2023-01-29T22:37:30.576+0530 [TRACE] getproviders.SearchLocalDirectory: found registry.terraform.io/hashicorp/random v3.4.3 for windows_amd64 at .terraform\providers\registry.terraform.io\hashicorp\random\3.4.3\windows_amd64
2023-01-29T22:37:30.576+0530 [TRACE] providercache.fillMetaCache: including .terraform\providers\registry.terraform.io\hashicorp\random\3.4.3\windows_amd64 as a candidate package for registry.terraform.io/hashicorp/random 3.4.3
2023-01-29T22:37:30.606+0530 [TRACE] providercache.fillMetaCache: using cached result from previous scan of .terraform\providers
2023-01-29T22:37:30.606+0530 [DEBUG] GET https://registry.terraform.io/v1/providers/hashicorp/external/2.2.3/download/windows/amd64
2023-01-29T22:37:30.606+0530 [TRACE] HTTP client GET request to https://registry.terraform.io/v1/providers/hashicorp/external/2.2.3/download/windows/amd64
2023-01-29T22:37:30.769+0530 [DEBUG] GET https://releases.hashicorp.com/terraform-provider-external/2.2.3/terraform-provider-external_2.2.3_SHA256SUMS
2023-01-29T22:37:30.769+0530 [TRACE] HTTP client GET request to https://releases.hashicorp.com/terraform-provider-external/2.2.3/terraform-provider-external_2.2.3_SHA256SUMS
2023-01-29T22:37:30.928+0530 [DEBUG] GET https://releases.hashicorp.com/terraform-provider-external/2.2.3/terraform-provider-external_2.2.3_SHA256SUMS.72D7468F.sig
2023-01-29T22:37:30.928+0530 [TRACE] HTTP client GET request to https://releases.hashicorp.com/terraform-provider-external/2.2.3/terraform-provider-external_2.2.3_SHA256SUMS.72D7468F.sig
2023-01-29T22:37:30.980+0530 [TRACE] providercache.Dir.InstallPackage: installing registry.terraform.io/hashicorp/external v2.2.3 from https://releases.hashicorp.com/terraform-provider-external/2.2.3/terraform-provider-external_2.2.3_windows_amd64.zip
2023-01-29T22:37:30.981+0530 [TRACE] HTTP client GET request to https://releases.hashicorp.com/terraform-provider-external/2.2.3/terraform-provider-external_2.2.3_windows_amd64.zip
2023-01-29T22:37:32.054+0530 [DEBUG] Provider signed by 34365D9472D7468F HashiCorp Security (hashicorp.com/security) <security@hashicorp.com>
2023-01-29T22:37:32.280+0530 [TRACE] providercache.fillMetaCache: scanning directory .terraform\providers
2023-01-29T22:37:32.281+0530 [TRACE] getproviders.SearchLocalDirectory: found registry.terraform.io/hashicorp/external v2.2.3 for windows_amd64 at .terraform\providers\registry.terraform.io\hashicorp\external\2.2.3\windows_amd64
2023-01-29T22:37:32.282+0530 [TRACE] getproviders.SearchLocalDirectory: found registry.terraform.io/hashicorp/random v3.4.3 for windows_amd64 at .terraform\providers\registry.terraform.io\hashicorp\random\3.4.3\windows_amd64
2023-01-29T22:37:32.282+0530 [TRACE] providercache.fillMetaCache: including .terraform\providers\registry.terraform.io\hashicorp\external\2.2.3\windows_amd64 as a candidate package for registry.terraform.io/hashicorp/external 2.2.3
2023-01-29T22:37:32.282+0530 [TRACE] providercache.fillMetaCache: including .terraform\providers\registry.terraform.io\hashicorp\random\3.4.3\windows_amd64 as a candidate package for registry.terraform.io/hashicorp/random 3.4.3
2023-01-29T22:37:32.315+0530 [TRACE] providercache.fillMetaCache: using cached result from previous scan of .terraform\providers
2023-01-29T22:37:32.315+0530 [DEBUG] GET https://registry.terraform.io/v1/providers/hashicorp/azurerm/3.41.0/download/windows/amd64
2023-01-29T22:37:32.315+0530 [TRACE] HTTP client GET request to https://registry.terraform.io/v1/providers/hashicorp/azurerm/3.41.0/download/windows/amd64
2023-01-29T22:37:32.482+0530 [DEBUG] GET https://releases.hashicorp.com/terraform-provider-azurerm/3.41.0/terraform-provider-azurerm_3.41.0_SHA256SUMS
2023-01-29T22:37:32.482+0530 [TRACE] HTTP client GET request to https://releases.hashicorp.com/terraform-provider-azurerm/3.41.0/terraform-provider-azurerm_3.41.0_SHA256SUMS
2023-01-29T22:37:32.633+0530 [DEBUG] GET https://releases.hashicorp.com/terraform-provider-azurerm/3.41.0/terraform-provider-azurerm_3.41.0_SHA256SUMS.72D7468F.sig
2023-01-29T22:37:32.633+0530 [TRACE] HTTP client GET request to https://releases.hashicorp.com/terraform-provider-azurerm/3.41.0/terraform-provider-azurerm_3.41.0_SHA256SUMS.72D7468F.sig
2023-01-29T22:37:32.701+0530 [TRACE] providercache.Dir.InstallPackage: installing registry.terraform.io/hashicorp/azurerm v3.41.0 from https://releases.hashicorp.com/terraform-provider-azurerm/3.41.0/terraform-provider-azurerm_3.41.0_windows_amd64.zip
2023-01-29T22:37:32.701+0530 [TRACE] HTTP client GET request to https://releases.hashicorp.com/terraform-provider-azurerm/3.41.0/terraform-provider-azurerm_3.41.0_windows_amd64.zip
2023-01-29T22:37:36.955+0530 [DEBUG] Provider signed by 34365D9472D7468F HashiCorp Security (hashicorp.com/security) <security@hashicorp.com>
2023-01-29T22:37:37.754+0530 [TRACE] providercache.fillMetaCache: scanning directory .terraform\providers
2023-01-29T22:37:37.754+0530 [TRACE] getproviders.SearchLocalDirectory: found registry.terraform.io/hashicorp/azurerm v3.41.0 for windows_amd64 at .terraform\providers\registry.terraform.io\hashicorp\azurerm\3.41.0\windows_amd64
2023-01-29T22:37:37.754+0530 [TRACE] getproviders.SearchLocalDirectory: found registry.terraform.io/hashicorp/external v2.2.3 for windows_amd64 at .terraform\providers\registry.terraform.io\hashicorp\external\2.2.3\windows_amd64
2023-01-29T22:37:37.754+0530 [TRACE] getproviders.SearchLocalDirectory: found registry.terraform.io/hashicorp/random v3.4.3 for windows_amd64 at .terraform\providers\registry.terraform.io\hashicorp\random\3.4.3\windows_amd64
2023-01-29T22:37:37.754+0530 [TRACE] providercache.fillMetaCache: including .terraform\providers\registry.terraform.io\hashicorp\random\3.4.3\windows_amd64 as a candidate package for registry.terraform.io/hashicorp/random 3.4.3
2023-01-29T22:37:37.754+0530 [TRACE] providercache.fillMetaCache: including .terraform\providers\registry.terraform.io\hashicorp\azurerm\3.41.0\windows_amd64 as a candidate package for registry.terraform.io/hashicorp/azurerm 3.41.0
2023-01-29T22:37:37.754+0530 [TRACE] providercache.fillMetaCache: including .terraform\providers\registry.terraform.io\hashicorp\external\2.2.3\windows_amd64 as a candidate package for registry.terraform.io/hashicorp/external 2.2.3
